Using pre-set license
Built from '2020.3/release' branch; Version is '2020.3.1f1 (77a89f25062f) revision 7841951'; Using compiler version '192528614'; Build Type 'Release'
OS: 'Windows 10 Pro; OS build 19043.1415; Version 2009; 64bit' Language: 'en' Physical Memory: 15996 MB
BatchMode: 1, IsHumanControllingUs: 0, StartBugReporterOnCrash: 0, Is64bit: 1, IsPro: 0

 COMMAND LINE ARGUMENTS:
C:\Program Files\Unity\Hub\Editor\2020.3.1f1\Editor\Unity.exe
-adb2
-batchMode
-noUpm
-name
AssetImportWorker0
-projectPath
C:/TZ/My project
-logFile
Logs/AssetImportWorker0.log
-srvPort
57730
Successfully changed project path to: C:/TZ/My project
C:/TZ/My project
Using Asset Import Pipeline V2.
Refreshing native plugins compatible for Editor in 58.61 ms, found 1 plugins.
Preloading 0 native plugins for Editor in 0.00 ms.
Initialize engine version: 2020.3.1f1 (77a89f25062f)
[Subsystems] Discovering subsystems at path C:/Program Files/Unity/Hub/Editor/2020.3.1f1/Editor/Data/Resources/UnitySubsystems
[Subsystems] Discovering subsystems at path C:/TZ/My project/Assets
GfxDevice: creating device client; threaded=0
Direct3D:
    Version:  Direct3D 11.0 [level 11.1]
    Renderer: NVIDIA GeForce GTX 1050 (ID=0x1c8d)
    Vendor:   
    VRAM:     4021 MB
    Driver:   30.0.14.9649
Initialize mono
Mono path[0] = 'C:/Program Files/Unity/Hub/Editor/2020.3.1f1/Editor/Data/Managed'
Mono path[1] = 'C:/Program Files/Unity/Hub/Editor/2020.3.1f1/Editor/Data/MonoBleedingEdge/lib/mono/unityjit'
Mono config path = 'C:/Program Files/Unity/Hub/Editor/2020.3.1f1/Editor/Data/MonoBleedingEdge/etc'
Using monoOptions --debugger-agent=transport=dt_socket,embedding=1,server=y,suspend=n,address=127.0.0.1:56484
Begin MonoManager ReloadAssembly
Registering precompiled unity dll's ...
Register platform support module: C:/Program Files/Unity/Hub/Editor/2020.3.1f1/Editor/Data/PlaybackEngines/WebGLSupport/UnityEditor.WebGL.Extensions.dll
Register platform support module: C:/Program Files/Unity/Hub/Editor/2020.3.1f1/Editor/Data/PlaybackEngines/WindowsStandaloneSupport/UnityEditor.WindowsStandalone.Extensions.dll
Registered in 0.003391 seconds.
Native extension for WindowsStandalone target not found
Native extension for WebGL target not found
Refreshing native plugins compatible for Editor in 48.40 ms, found 1 plugins.
Preloading 0 native plugins for Editor in 0.00 ms.
Invoked RoslynAnalysisRunner static constructor.
RoslynAnalysisRunner will not be running.
RoslynAnalysisRunner has terminated.
Mono: successfully reloaded assembly
- Completed reload, in  4.164 seconds
Platform modules already initialized, skipping
Registering precompiled user dll's ...
Registered in 0.002085 seconds.
Begin MonoManager ReloadAssembly
Native extension for WindowsStandalone target not found
Native extension for WebGL target not found
Refreshing native plugins compatible for Editor in 44.34 ms, found 1 plugins.
Preloading 0 native plugins for Editor in 0.00 ms.
Invoked RoslynAnalysisRunner static constructor.
RoslynAnalysisRunner will not be running.
RoslynAnalysisRunner has terminated.
Mono: successfully reloaded assembly
- Completed reload, in  1.220 seconds
Platform modules already initialized, skipping
========================================================================
Worker process is ready to serve import requests
Launched and connected shader compiler UnityShaderCompiler.exe after 0.06 seconds
Refreshing native plugins compatible for Editor in 0.41 ms, found 1 plugins.
Preloading 0 native plugins for Editor in 0.00 ms.
Unloading 1852 Unused Serialized files (Serialized files now loaded: 0)
System memory in use before: 97.3 MB.
System memory in use after: 97.3 MB.

Unloading 23 unused Assets to reduce memory usage. Loaded Objects now: 2312.
Total: 5.170800 ms (FindLiveObjects: 0.316000 ms CreateObjectMapping: 1.700100 ms MarkObjects: 2.989200 ms  DeleteObjects: 0.163100 ms)

========================================================================
Received Import Request.
  path: Assets/Scripts/Events/PlanetMiningEvent.cs
  artifactKey: Guid(cba11f022dbd853409ebc32d9ffddac0) Importer(815301076,1909f56bfc062723c751e8b465ee728b)
Start importing Assets/Scripts/Events/PlanetMiningEvent.cs using Guid(cba11f022dbd853409ebc32d9ffddac0) Importer(815301076,1909f56bfc062723c751e8b465ee728b)  -> (artifact id: 'f654b29b04765b6893a04786865aabe0') in 0.144418 seconds
  Import took 0.148295 seconds .

========================================================================
Received Import Request.
  Time since last request: 8.625317 seconds.
  path: Assets/Scripts/Events/PlanetMiningEvent.cs
  artifactKey: Guid(cba11f022dbd853409ebc32d9ffddac0) Importer(815301076,1909f56bfc062723c751e8b465ee728b)
Start importing Assets/Scripts/Events/PlanetMiningEvent.cs using Guid(cba11f022dbd853409ebc32d9ffddac0) Importer(815301076,1909f56bfc062723c751e8b465ee728b)  -> (artifact id: 'ab3b7b71965019326a05ffaede82b331') in 0.012251 seconds
  Import took 0.024100 seconds .

========================================================================
Received Import Request.
  Time since last request: 0.044340 seconds.
  path: Assets/Scripts/Events/PlanetMiningEvent.cs
  artifactKey: Guid(cba11f022dbd853409ebc32d9ffddac0) Importer(815301076,1909f56bfc062723c751e8b465ee728b)
Start importing Assets/Scripts/Events/PlanetMiningEvent.cs using Guid(cba11f022dbd853409ebc32d9ffddac0) Importer(815301076,1909f56bfc062723c751e8b465ee728b)  -> (artifact id: 'ab3b7b71965019326a05ffaede82b331') in 0.010938 seconds
  Import took 0.023405 seconds .

========================================================================
Received Prepare
Registering precompiled user dll's ...
Registered in 0.001278 seconds.
Begin MonoManager ReloadAssembly
Native extension for WindowsStandalone target not found
Native extension for WebGL target not found
Refreshing native plugins compatible for Editor in 0.39 ms, found 1 plugins.
Preloading 0 native plugins for Editor in 0.00 ms.
Invoked RoslynAnalysisRunner static constructor.
RoslynAnalysisRunner will not be running.
RoslynAnalysisRunner has terminated.
Mono: successfully reloaded assembly
- Completed reload, in  1.311 seconds
Platform modules already initialized, skipping
Refreshing native plugins compatible for Editor in 0.56 ms, found 1 plugins.
Preloading 0 native plugins for Editor in 0.00 ms.
Unloading 1847 Unused Serialized files (Serialized files now loaded: 0)
System memory in use before: 97.3 MB.
System memory in use after: 97.3 MB.

Unloading 12 unused Assets to reduce memory usage. Loaded Objects now: 2316.
Total: 3.511800 ms (FindLiveObjects: 0.767000 ms CreateObjectMapping: 0.104200 ms MarkObjects: 2.457600 ms  DeleteObjects: 0.181700 ms)

========================================================================
Received Prepare
Registering precompiled user dll's ...
Registered in 0.001377 seconds.
Begin MonoManager ReloadAssembly
Native extension for WindowsStandalone target not found
Native extension for WebGL target not found
Refreshing native plugins compatible for Editor in 0.47 ms, found 1 plugins.
Preloading 0 native plugins for Editor in 0.00 ms.
Invoked RoslynAnalysisRunner static constructor.
RoslynAnalysisRunner will not be running.
RoslynAnalysisRunner has terminated.
Mono: successfully reloaded assembly
- Completed reload, in  1.209 seconds
Platform modules already initialized, skipping
Refreshing native plugins compatible for Editor in 0.40 ms, found 1 plugins.
Preloading 0 native plugins for Editor in 0.00 ms.
Unloading 1847 Unused Serialized files (Serialized files now loaded: 0)
System memory in use before: 97.4 MB.
System memory in use after: 97.4 MB.

Unloading 12 unused Assets to reduce memory usage. Loaded Objects now: 2320.
Total: 2.396300 ms (FindLiveObjects: 0.219000 ms CreateObjectMapping: 0.075700 ms MarkObjects: 1.918400 ms  DeleteObjects: 0.182000 ms)

========================================================================
Received Import Request.
  Time since last request: 52.408725 seconds.
  path: Assets/Prefab/Planet.prefab
  artifactKey: Guid(70e155e14237f53439aa7db9d4ab8069) Importer(815301076,1909f56bfc062723c751e8b465ee728b)
Start importing Assets/Prefab/Planet.prefab using Guid(70e155e14237f53439aa7db9d4ab8069) Importer(815301076,1909f56bfc062723c751e8b465ee728b)  -> (artifact id: '273662c63fb32a8b0f040a57e9fe3052') in 0.131277 seconds
  Import took 0.135787 seconds .

========================================================================
Received Import Request.
  Time since last request: 12.370470 seconds.
  path: Assets/Prefab/Asteroid.prefab
  artifactKey: Guid(c6e4403ca96433343b136a901e54a72f) Importer(815301076,1909f56bfc062723c751e8b465ee728b)
Start importing Assets/Prefab/Asteroid.prefab using Guid(c6e4403ca96433343b136a901e54a72f) Importer(815301076,1909f56bfc062723c751e8b465ee728b)  -> (artifact id: '8563530a746a589c4718c15e94619189') in 0.015307 seconds
  Import took 0.019136 seconds .

========================================================================
Received Import Request.
  Time since last request: 19.639314 seconds.
  path: Assets/Data/ShipData.asset
  artifactKey: Guid(65af6e58737fbbc4dbcb486ec018fd2b) Importer(815301076,1909f56bfc062723c751e8b465ee728b)
Start importing Assets/Data/ShipData.asset using Guid(65af6e58737fbbc4dbcb486ec018fd2b) Importer(815301076,1909f56bfc062723c751e8b465ee728b)  -> (artifact id: 'bb93fa6957befb3dd25855e56625dd0b') in 0.009406 seconds
  Import took 0.013126 seconds .

========================================================================
Received Import Request.
  Time since last request: 0.002858 seconds.
  path: Assets/Data/ShipData.asset
  artifactKey: Guid(65af6e58737fbbc4dbcb486ec018fd2b) Importer(815301076,1909f56bfc062723c751e8b465ee728b)
Start importing Assets/Data/ShipData.asset using Guid(65af6e58737fbbc4dbcb486ec018fd2b) Importer(815301076,1909f56bfc062723c751e8b465ee728b)  -> (artifact id: 'bb93fa6957befb3dd25855e56625dd0b') in 0.004364 seconds
  Import took 0.008113 seconds .

========================================================================
Received Import Request.
  Time since last request: 152.652841 seconds.
  path: Assets/Scripts/NewBehaviourScript.cs
  artifactKey: Guid(09524a1a0e34dbe44ac2c5466c39ff7c) Importer(815301076,1909f56bfc062723c751e8b465ee728b)
Start importing Assets/Scripts/NewBehaviourScript.cs using Guid(09524a1a0e34dbe44ac2c5466c39ff7c) Importer(815301076,1909f56bfc062723c751e8b465ee728b)  -> (artifact id: 'f344a20bfbfcb8b12197aea10c59a6b0') in 0.003235 seconds
  Import took 0.006949 seconds .

========================================================================
Received Prepare
Registering precompiled user dll's ...
Registered in 0.001597 seconds.
Begin MonoManager ReloadAssembly
Native extension for WindowsStandalone target not found
Native extension for WebGL target not found
Refreshing native plugins compatible for Editor in 0.38 ms, found 1 plugins.
Preloading 0 native plugins for Editor in 0.00 ms.
Invoked RoslynAnalysisRunner static constructor.
RoslynAnalysisRunner will not be running.
RoslynAnalysisRunner has terminated.
Mono: successfully reloaded assembly
- Completed reload, in  1.145 seconds
Platform modules already initialized, skipping
Refreshing native plugins compatible for Editor in 0.39 ms, found 1 plugins.
Preloading 0 native plugins for Editor in 0.00 ms.
Unloading 1848 Unused Serialized files (Serialized files now loaded: 0)
System memory in use before: 100.5 MB.
System memory in use after: 100.5 MB.

Unloading 12 unused Assets to reduce memory usage. Loaded Objects now: 2332.
Total: 5.167100 ms (FindLiveObjects: 0.195800 ms CreateObjectMapping: 0.079700 ms MarkObjects: 4.752200 ms  DeleteObjects: 0.137600 ms)

========================================================================
Received Prepare
Registering precompiled user dll's ...
Registered in 0.001207 seconds.
Begin MonoManager ReloadAssembly
Native extension for WindowsStandalone target not found
Native extension for WebGL target not found
Refreshing native plugins compatible for Editor in 0.37 ms, found 1 plugins.
Preloading 0 native plugins for Editor in 0.00 ms.
Invoked RoslynAnalysisRunner static constructor.
RoslynAnalysisRunner will not be running.
RoslynAnalysisRunner has terminated.
Mono: successfully reloaded assembly
- Completed reload, in  1.078 seconds
Platform modules already initialized, skipping
Refreshing native plugins compatible for Editor in 0.38 ms, found 1 plugins.
Preloading 0 native plugins for Editor in 0.00 ms.
Unloading 1847 Unused Serialized files (Serialized files now loaded: 0)
System memory in use before: 100.5 MB.
System memory in use after: 100.5 MB.

Unloading 13 unused Assets to reduce memory usage. Loaded Objects now: 2335.
Total: 2.162400 ms (FindLiveObjects: 0.194100 ms CreateObjectMapping: 0.059400 ms MarkObjects: 1.724500 ms  DeleteObjects: 0.182900 ms)

========================================================================
Received Import Request.
  Time since last request: 16.206544 seconds.
  path: Assets/Scripts/Trade
  artifactKey: Guid(5ab0d0bcddec5a844bd99ed5cf871737) Importer(815301076,1909f56bfc062723c751e8b465ee728b)
Start importing Assets/Scripts/Trade using Guid(5ab0d0bcddec5a844bd99ed5cf871737) Importer(815301076,1909f56bfc062723c751e8b465ee728b)  -> (artifact id: '763e396cdd0d0dc5d69d461a1a34e5a7') in 0.010046 seconds
  Import took 0.014020 seconds .

========================================================================
Received Import Request.
  Time since last request: 0.003364 seconds.
  path: Assets/Scripts/Trade
  artifactKey: Guid(5ab0d0bcddec5a844bd99ed5cf871737) Importer(815301076,1909f56bfc062723c751e8b465ee728b)
Start importing Assets/Scripts/Trade using Guid(5ab0d0bcddec5a844bd99ed5cf871737) Importer(815301076,1909f56bfc062723c751e8b465ee728b)  -> (artifact id: '763e396cdd0d0dc5d69d461a1a34e5a7') in 0.003516 seconds
  Import took 0.007785 seconds .

========================================================================
Received Import Request.
  Time since last request: 24.006935 seconds.
  path: Assets/Scripts/Trade/SellResources.cs
  artifactKey: Guid(f3d4517b2f1bf444eb434ea56e484336) Importer(815301076,1909f56bfc062723c751e8b465ee728b)
Start importing Assets/Scripts/Trade/SellResources.cs using Guid(f3d4517b2f1bf444eb434ea56e484336) Importer(815301076,1909f56bfc062723c751e8b465ee728b)  -> (artifact id: '51705fc92f08934587b3b2fe95ef7e36') in 0.010034 seconds
  Import took 0.016141 seconds .

========================================================================
Received Prepare
Registering precompiled user dll's ...
Registered in 0.001309 seconds.
Begin MonoManager ReloadAssembly
Native extension for WindowsStandalone target not found
Native extension for WebGL target not found
Refreshing native plugins compatible for Editor in 0.37 ms, found 1 plugins.
Preloading 0 native plugins for Editor in 0.00 ms.
Invoked RoslynAnalysisRunner static constructor.
RoslynAnalysisRunner will not be running.
RoslynAnalysisRunner has terminated.
Mono: successfully reloaded assembly
- Completed reload, in  1.152 seconds
Platform modules already initialized, skipping
Refreshing native plugins compatible for Editor in 0.43 ms, found 1 plugins.
Preloading 0 native plugins for Editor in 0.00 ms.
Unloading 1848 Unused Serialized files (Serialized files now loaded: 0)
System memory in use before: 100.6 MB.
System memory in use after: 100.6 MB.

Unloading 12 unused Assets to reduce memory usage. Loaded Objects now: 2340.
Total: 2.312100 ms (FindLiveObjects: 0.241300 ms CreateObjectMapping: 0.065500 ms MarkObjects: 1.816100 ms  DeleteObjects: 0.187600 ms)

========================================================================
Received Import Request.
  Time since last request: 16.780844 seconds.
  path: Assets/Scripts/Trade/BuyEnergy.cs
  artifactKey: Guid(286ab126f9710974986198b43d5e0223) Importer(815301076,1909f56bfc062723c751e8b465ee728b)
Start importing Assets/Scripts/Trade/BuyEnergy.cs using Guid(286ab126f9710974986198b43d5e0223) Importer(815301076,1909f56bfc062723c751e8b465ee728b)  -> (artifact id: '3765df13ad7827f9830dbcf10334b031') in 0.020089 seconds
  Import took 0.024504 seconds .

========================================================================
Received Import Request.
  Time since last request: 0.008529 seconds.
  path: Assets/Scripts/Trade/BuyEnergy.cs
  artifactKey: Guid(286ab126f9710974986198b43d5e0223) Importer(815301076,1909f56bfc062723c751e8b465ee728b)
Start importing Assets/Scripts/Trade/BuyEnergy.cs using Guid(286ab126f9710974986198b43d5e0223) Importer(815301076,1909f56bfc062723c751e8b465ee728b)  -> (artifact id: '3765df13ad7827f9830dbcf10334b031') in 0.005585 seconds
  Import took 0.011784 seconds .

========================================================================
Received Prepare
Registering precompiled user dll's ...
Registered in 0.001283 seconds.
Begin MonoManager ReloadAssembly
Native extension for WindowsStandalone target not found
Native extension for WebGL target not found
Refreshing native plugins compatible for Editor in 0.38 ms, found 1 plugins.
Preloading 0 native plugins for Editor in 0.00 ms.
Invoked RoslynAnalysisRunner static constructor.
RoslynAnalysisRunner will not be running.
RoslynAnalysisRunner has terminated.
Mono: successfully reloaded assembly
- Completed reload, in  1.340 seconds
Platform modules already initialized, skipping
Refreshing native plugins compatible for Editor in 0.43 ms, found 1 plugins.
Preloading 0 native plugins for Editor in 0.00 ms.
Unloading 1849 Unused Serialized files (Serialized files now loaded: 0)
System memory in use before: 100.6 MB.
System memory in use after: 100.6 MB.

Unloading 12 unused Assets to reduce memory usage. Loaded Objects now: 2345.
Total: 2.492100 ms (FindLiveObjects: 0.199100 ms CreateObjectMapping: 0.071300 ms MarkObjects: 2.081300 ms  DeleteObjects: 0.138700 ms)

========================================================================
Received Import Request.
  Time since last request: 96.826119 seconds.
  path: Assets/Scripts/Trade/BuyEnergy.cs
  artifactKey: Guid(286ab126f9710974986198b43d5e0223) Importer(815301076,1909f56bfc062723c751e8b465ee728b)
Start importing Assets/Scripts/Trade/BuyEnergy.cs using Guid(286ab126f9710974986198b43d5e0223) Importer(815301076,1909f56bfc062723c751e8b465ee728b)  -> (artifact id: '25d2f965dbc3fe7710dedae542e06766') in 0.007071 seconds
  Import took 0.013666 seconds .

========================================================================
Received Import Request.
  Time since last request: 0.382064 seconds.
  path: Assets/Scripts/Trade/BuyEnergy.cs
  artifactKey: Guid(286ab126f9710974986198b43d5e0223) Importer(815301076,1909f56bfc062723c751e8b465ee728b)
Start importing Assets/Scripts/Trade/BuyEnergy.cs using Guid(286ab126f9710974986198b43d5e0223) Importer(815301076,1909f56bfc062723c751e8b465ee728b)  -> (artifact id: '25d2f965dbc3fe7710dedae542e06766') in 0.034507 seconds
  Import took 0.039715 seconds .

========================================================================
Received Prepare
Registering precompiled user dll's ...
Registered in 0.001242 seconds.
Begin MonoManager ReloadAssembly
Native extension for WindowsStandalone target not found
Native extension for WebGL target not found
Refreshing native plugins compatible for Editor in 0.41 ms, found 1 plugins.
Preloading 0 native plugins for Editor in 0.00 ms.
Invoked RoslynAnalysisRunner static constructor.
RoslynAnalysisRunner will not be running.
RoslynAnalysisRunner has terminated.
Mono: successfully reloaded assembly
- Completed reload, in  1.028 seconds
Platform modules already initialized, skipping
Refreshing native plugins compatible for Editor in 0.40 ms, found 1 plugins.
Preloading 0 native plugins for Editor in 0.00 ms.
Unloading 1849 Unused Serialized files (Serialized files now loaded: 0)
System memory in use before: 100.6 MB.
System memory in use after: 100.6 MB.

Unloading 12 unused Assets to reduce memory usage. Loaded Objects now: 2349.
Total: 2.889900 ms (FindLiveObjects: 0.325000 ms CreateObjectMapping: 0.151500 ms MarkObjects: 2.221900 ms  DeleteObjects: 0.189900 ms)

========================================================================
Received Import Request.
  Time since last request: 100.221074 seconds.
  path: Assets/Scripts/Trade/BuyEnergy.cs
  artifactKey: Guid(286ab126f9710974986198b43d5e0223) Importer(815301076,1909f56bfc062723c751e8b465ee728b)
Start importing Assets/Scripts/Trade/BuyEnergy.cs using Guid(286ab126f9710974986198b43d5e0223) Importer(815301076,1909f56bfc062723c751e8b465ee728b)  -> (artifact id: '700fb8fcb147c876e0671498375ac518') in 0.008811 seconds
  Import took 0.013179 seconds .

========================================================================
Received Import Request.
  Time since last request: 18.235154 seconds.
  path: Assets/Scripts/Enum/TradeName.cs
  artifactKey: Guid(d695a85b7e88e4c4f9e4dea261cd7e6c) Importer(815301076,1909f56bfc062723c751e8b465ee728b)
Start importing Assets/Scripts/Enum/TradeName.cs using Guid(d695a85b7e88e4c4f9e4dea261cd7e6c) Importer(815301076,1909f56bfc062723c751e8b465ee728b)  -> (artifact id: 'e16a43192c1355f692fa20e4ee67c35f') in 0.015085 seconds
  Import took 0.019464 seconds .

========================================================================
Received Import Request.
  Time since last request: 24.715991 seconds.
  path: Assets/Scripts/Enum/TradeName.cs
  artifactKey: Guid(d695a85b7e88e4c4f9e4dea261cd7e6c) Importer(815301076,1909f56bfc062723c751e8b465ee728b)
Start importing Assets/Scripts/Enum/TradeName.cs using Guid(d695a85b7e88e4c4f9e4dea261cd7e6c) Importer(815301076,1909f56bfc062723c751e8b465ee728b)  -> (artifact id: 'f08e3f213af53b4d71f7647aa075c67c') in 0.017901 seconds
  Import took 0.029488 seconds .

========================================================================
Received Import Request.
  Time since last request: 0.036861 seconds.
  path: Assets/Scripts/Enum/TradeName.cs
  artifactKey: Guid(d695a85b7e88e4c4f9e4dea261cd7e6c) Importer(815301076,1909f56bfc062723c751e8b465ee728b)
Start importing Assets/Scripts/Enum/TradeName.cs using Guid(d695a85b7e88e4c4f9e4dea261cd7e6c) Importer(815301076,1909f56bfc062723c751e8b465ee728b)  -> (artifact id: 'f08e3f213af53b4d71f7647aa075c67c') in 0.015424 seconds
  Import took 0.039345 seconds .

========================================================================
Received Prepare
Registering precompiled user dll's ...
Registered in 0.001276 seconds.
Begin MonoManager ReloadAssembly
Native extension for WindowsStandalone target not found
Native extension for WebGL target not found
Refreshing native plugins compatible for Editor in 0.61 ms, found 1 plugins.
Preloading 0 native plugins for Editor in 0.00 ms.
Invoked RoslynAnalysisRunner static constructor.
RoslynAnalysisRunner will not be running.
RoslynAnalysisRunner has terminated.
Mono: successfully reloaded assembly
- Completed reload, in  1.489 seconds
Platform modules already initialized, skipping
Refreshing native plugins compatible for Editor in 0.41 ms, found 1 plugins.
Preloading 0 native plugins for Editor in 0.00 ms.
Unloading 1850 Unused Serialized files (Serialized files now loaded: 0)
System memory in use before: 100.6 MB.
System memory in use after: 100.6 MB.

Unloading 12 unused Assets to reduce memory usage. Loaded Objects now: 2354.
Total: 3.118900 ms (FindLiveObjects: 0.446800 ms CreateObjectMapping: 0.110500 ms MarkObjects: 2.328500 ms  DeleteObjects: 0.231000 ms)

========================================================================
Received Import Request.
  Time since last request: 61.485667 seconds.
  path: Assets/Scripts/Enum/TradeName.cs
  artifactKey: Guid(d695a85b7e88e4c4f9e4dea261cd7e6c) Importer(815301076,1909f56bfc062723c751e8b465ee728b)
Start importing Assets/Scripts/Enum/TradeName.cs using Guid(d695a85b7e88e4c4f9e4dea261cd7e6c) Importer(815301076,1909f56bfc062723c751e8b465ee728b)  -> (artifact id: 'a7422f5ad4c38f8e30c19d4a0affbe89') in 0.007196 seconds
  Import took 0.013823 seconds .

========================================================================
Received Import Request.
  Time since last request: 0.053345 seconds.
  path: Assets/Scripts/Enum/TradeName.cs
  artifactKey: Guid(d695a85b7e88e4c4f9e4dea261cd7e6c) Importer(815301076,1909f56bfc062723c751e8b465ee728b)
Start importing Assets/Scripts/Enum/TradeName.cs using Guid(d695a85b7e88e4c4f9e4dea261cd7e6c) Importer(815301076,1909f56bfc062723c751e8b465ee728b)  -> (artifact id: 'a7422f5ad4c38f8e30c19d4a0affbe89') in 0.005234 seconds
  Import took 0.012907 seconds .

========================================================================
Received Prepare
Registering precompiled user dll's ...
Registered in 0.001270 seconds.
Begin MonoManager ReloadAssembly
Native extension for WindowsStandalone target not found
Native extension for WebGL target not found
Refreshing native plugins compatible for Editor in 0.74 ms, found 1 plugins.
Preloading 0 native plugins for Editor in 0.00 ms.
Invoked RoslynAnalysisRunner static constructor.
RoslynAnalysisRunner will not be running.
RoslynAnalysisRunner has terminated.
Mono: successfully reloaded assembly
- Completed reload, in  1.482 seconds
Platform modules already initialized, skipping
Refreshing native plugins compatible for Editor in 0.52 ms, found 1 plugins.
Preloading 0 native plugins for Editor in 0.00 ms.
Unloading 1850 Unused Serialized files (Serialized files now loaded: 0)
System memory in use before: 100.6 MB.
System memory in use after: 100.6 MB.

Unloading 12 unused Assets to reduce memory usage. Loaded Objects now: 2358.
Total: 2.948600 ms (FindLiveObjects: 0.225500 ms CreateObjectMapping: 0.085100 ms MarkObjects: 2.413800 ms  DeleteObjects: 0.222000 ms)

========================================================================
Received Prepare
Registering precompiled user dll's ...
Registered in 0.001168 seconds.
Begin MonoManager ReloadAssembly
Native extension for WindowsStandalone target not found
Native extension for WebGL target not found
Refreshing native plugins compatible for Editor in 0.40 ms, found 1 plugins.
Preloading 0 native plugins for Editor in 0.00 ms.
Invoked RoslynAnalysisRunner static constructor.
RoslynAnalysisRunner will not be running.
RoslynAnalysisRunner has terminated.
Mono: successfully reloaded assembly
- Completed reload, in  1.082 seconds
Platform modules already initialized, skipping
Refreshing native plugins compatible for Editor in 0.62 ms, found 1 plugins.
Preloading 0 native plugins for Editor in 0.00 ms.
Unloading 1850 Unused Serialized files (Serialized files now loaded: 0)
System memory in use before: 100.7 MB.
System memory in use after: 100.6 MB.

Unloading 12 unused Assets to reduce memory usage. Loaded Objects now: 2362.
Total: 2.360000 ms (FindLiveObjects: 0.224200 ms CreateObjectMapping: 0.101500 ms MarkObjects: 1.839600 ms  DeleteObjects: 0.193300 ms)

========================================================================
Received Prepare
Registering precompiled user dll's ...
Registered in 0.001374 seconds.
Begin MonoManager ReloadAssembly
Native extension for WindowsStandalone target not found
Native extension for WebGL target not found
Refreshing native plugins compatible for Editor in 0.44 ms, found 1 plugins.
Preloading 0 native plugins for Editor in 0.00 ms.
Invoked RoslynAnalysisRunner static constructor.
RoslynAnalysisRunner will not be running.
RoslynAnalysisRunner has terminated.
Mono: successfully reloaded assembly
- Completed reload, in  1.238 seconds
Platform modules already initialized, skipping
Refreshing native plugins compatible for Editor in 0.42 ms, found 1 plugins.
Preloading 0 native plugins for Editor in 0.00 ms.
Unloading 1850 Unused Serialized files (Serialized files now loaded: 0)
System memory in use before: 100.7 MB.
System memory in use after: 100.7 MB.

Unloading 12 unused Assets to reduce memory usage. Loaded Objects now: 2366.
Total: 2.336800 ms (FindLiveObjects: 0.333700 ms CreateObjectMapping: 0.096900 ms MarkObjects: 1.710100 ms  DeleteObjects: 0.194700 ms)

========================================================================
Received Prepare
Registering precompiled user dll's ...
Registered in 0.001368 seconds.
Begin MonoManager ReloadAssembly
Native extension for WindowsStandalone target not found
Native extension for WebGL target not found
Refreshing native plugins compatible for Editor in 0.75 ms, found 1 plugins.
Preloading 0 native plugins for Editor in 0.00 ms.
Invoked RoslynAnalysisRunner static constructor.
RoslynAnalysisRunner will not be running.
RoslynAnalysisRunner has terminated.
Mono: successfully reloaded assembly
- Completed reload, in  1.367 seconds
Platform modules already initialized, skipping
Refreshing native plugins compatible for Editor in 0.39 ms, found 1 plugins.
Preloading 0 native plugins for Editor in 0.00 ms.
Unloading 1850 Unused Serialized files (Serialized files now loaded: 0)
System memory in use before: 100.7 MB.
System memory in use after: 100.7 MB.

Unloading 12 unused Assets to reduce memory usage. Loaded Objects now: 2370.
Total: 2.833900 ms (FindLiveObjects: 0.243500 ms CreateObjectMapping: 0.102000 ms MarkObjects: 2.291400 ms  DeleteObjects: 0.195500 ms)

========================================================================
Received Prepare
Registering precompiled user dll's ...
Registered in 0.001229 seconds.
Begin MonoManager ReloadAssembly
Native extension for WindowsStandalone target not found
Native extension for WebGL target not found
Refreshing native plugins compatible for Editor in 0.47 ms, found 1 plugins.
Preloading 0 native plugins for Editor in 0.00 ms.
Invoked RoslynAnalysisRunner static constructor.
RoslynAnalysisRunner will not be running.
RoslynAnalysisRunner has terminated.
Mono: successfully reloaded assembly
- Completed reload, in  1.261 seconds
Platform modules already initialized, skipping
Refreshing native plugins compatible for Editor in 0.44 ms, found 1 plugins.
Preloading 0 native plugins for Editor in 0.00 ms.
Unloading 1850 Unused Serialized files (Serialized files now loaded: 0)
System memory in use before: 100.8 MB.
System memory in use after: 100.7 MB.

Unloading 12 unused Assets to reduce memory usage. Loaded Objects now: 2374.
Total: 5.088400 ms (FindLiveObjects: 0.252400 ms CreateObjectMapping: 0.114000 ms MarkObjects: 4.523200 ms  DeleteObjects: 0.197300 ms)

========================================================================
Received Prepare
Registering precompiled user dll's ...
Registered in 0.001616 seconds.
Begin MonoManager ReloadAssembly
Native extension for WindowsStandalone target not found
Native extension for WebGL target not found
Refreshing native plugins compatible for Editor in 1.46 ms, found 1 plugins.
Preloading 0 native plugins for Editor in 0.00 ms.
Invoked RoslynAnalysisRunner static constructor.
RoslynAnalysisRunner will not be running.
RoslynAnalysisRunner has terminated.
Mono: successfully reloaded assembly
- Completed reload, in  1.226 seconds
Platform modules already initialized, skipping
Refreshing native plugins compatible for Editor in 0.83 ms, found 1 plugins.
Preloading 0 native plugins for Editor in 0.00 ms.
Unloading 1850 Unused Serialized files (Serialized files now loaded: 0)
System memory in use before: 100.7 MB.
System memory in use after: 100.7 MB.

Unloading 12 unused Assets to reduce memory usage. Loaded Objects now: 2378.
Total: 3.320500 ms (FindLiveObjects: 0.353800 ms CreateObjectMapping: 0.146700 ms MarkObjects: 2.645400 ms  DeleteObjects: 0.172900 ms)

========================================================================
Received Import Request.
  Time since last request: 953.265255 seconds.
  path: Assets/Scripts/Trade/SellResources.cs
  artifactKey: Guid(f3d4517b2f1bf444eb434ea56e484336) Importer(815301076,1909f56bfc062723c751e8b465ee728b)
Start importing Assets/Scripts/Trade/SellResources.cs using Guid(f3d4517b2f1bf444eb434ea56e484336) Importer(815301076,1909f56bfc062723c751e8b465ee728b)  -> (artifact id: '55b6ebc486a036b5da8d028f24c2f770') in 0.009427 seconds
  Import took 0.017287 seconds .

========================================================================
Received Import Request.
  Time since last request: 0.460444 seconds.
  path: Assets/Scripts/Trade/SellResources.cs
  artifactKey: Guid(f3d4517b2f1bf444eb434ea56e484336) Importer(815301076,1909f56bfc062723c751e8b465ee728b)
Start importing Assets/Scripts/Trade/SellResources.cs using Guid(f3d4517b2f1bf444eb434ea56e484336) Importer(815301076,1909f56bfc062723c751e8b465ee728b)  -> (artifact id: '55b6ebc486a036b5da8d028f24c2f770') in 0.034265 seconds
  Import took 0.092816 seconds .

========================================================================
Received Prepare
Registering precompiled user dll's ...
Registered in 0.001479 seconds.
Begin MonoManager ReloadAssembly
Native extension for WindowsStandalone target not found
Native extension for WebGL target not found
Refreshing native plugins compatible for Editor in 0.37 ms, found 1 plugins.
Preloading 0 native plugins for Editor in 0.00 ms.
Invoked RoslynAnalysisRunner static constructor.
RoslynAnalysisRunner will not be running.
RoslynAnalysisRunner has terminated.
Mono: successfully reloaded assembly
- Completed reload, in  1.054 seconds
Platform modules already initialized, skipping
Refreshing native plugins compatible for Editor in 0.64 ms, found 1 plugins.
Preloading 0 native plugins for Editor in 0.00 ms.
Unloading 1850 Unused Serialized files (Serialized files now loaded: 0)
System memory in use before: 100.7 MB.
System memory in use after: 100.7 MB.

Unloading 12 unused Assets to reduce memory usage. Loaded Objects now: 2382.
Total: 2.745100 ms (FindLiveObjects: 0.272900 ms CreateObjectMapping: 0.088100 ms MarkObjects: 2.187900 ms  DeleteObjects: 0.194200 ms)

========================================================================
Received Import Request.
  Time since last request: 27.494403 seconds.
  path: Assets/Scripts/Trade/SellResources.cs
  artifactKey: Guid(f3d4517b2f1bf444eb434ea56e484336) Importer(815301076,1909f56bfc062723c751e8b465ee728b)
Start importing Assets/Scripts/Trade/SellResources.cs using Guid(f3d4517b2f1bf444eb434ea56e484336) Importer(815301076,1909f56bfc062723c751e8b465ee728b)  -> (artifact id: '2968df95ca7903c1f439547257aae1fe') in 0.011332 seconds
  Import took 0.017357 seconds .

========================================================================
Received Import Request.
  Time since last request: 0.078683 seconds.
  path: Assets/Scripts/Trade/SellResources.cs
  artifactKey: Guid(f3d4517b2f1bf444eb434ea56e484336) Importer(815301076,1909f56bfc062723c751e8b465ee728b)
Start importing Assets/Scripts/Trade/SellResources.cs using Guid(f3d4517b2f1bf444eb434ea56e484336) Importer(815301076,1909f56bfc062723c751e8b465ee728b)  -> (artifact id: '2968df95ca7903c1f439547257aae1fe') in 0.009077 seconds
  Import took 0.023586 seconds .

========================================================================
Received Prepare
Registering precompiled user dll's ...
Registered in 0.001126 seconds.
Begin MonoManager ReloadAssembly
Native extension for WindowsStandalone target not found
Native extension for WebGL target not found
Refreshing native plugins compatible for Editor in 0.53 ms, found 1 plugins.
Preloading 0 native plugins for Editor in 0.00 ms.
Invoked RoslynAnalysisRunner static constructor.
RoslynAnalysisRunner will not be running.
RoslynAnalysisRunner has terminated.
Mono: successfully reloaded assembly
- Completed reload, in  1.027 seconds
Platform modules already initialized, skipping
Refreshing native plugins compatible for Editor in 0.41 ms, found 1 plugins.
Preloading 0 native plugins for Editor in 0.00 ms.
Unloading 1850 Unused Serialized files (Serialized files now loaded: 0)
System memory in use before: 100.7 MB.
System memory in use after: 100.7 MB.

Unloading 12 unused Assets to reduce memory usage. Loaded Objects now: 2386.
Total: 2.331800 ms (FindLiveObjects: 0.307300 ms CreateObjectMapping: 0.086000 ms MarkObjects: 1.762300 ms  DeleteObjects: 0.174300 ms)

========================================================================
Received Prepare
Registering precompiled user dll's ...
Registered in 0.001190 seconds.
Begin MonoManager ReloadAssembly
Native extension for WindowsStandalone target not found
Native extension for WebGL target not found
Refreshing native plugins compatible for Editor in 0.39 ms, found 1 plugins.
Preloading 0 native plugins for Editor in 0.00 ms.
Invoked RoslynAnalysisRunner static constructor.
RoslynAnalysisRunner will not be running.
RoslynAnalysisRunner has terminated.
Mono: successfully reloaded assembly
- Completed reload, in  1.045 seconds
Platform modules already initialized, skipping
Refreshing native plugins compatible for Editor in 0.41 ms, found 1 plugins.
Preloading 0 native plugins for Editor in 0.00 ms.
Unloading 1850 Unused Serialized files (Serialized files now loaded: 0)
System memory in use before: 100.7 MB.
System memory in use after: 100.7 MB.

Unloading 12 unused Assets to reduce memory usage. Loaded Objects now: 2390.
Total: 2.433400 ms (FindLiveObjects: 0.291000 ms CreateObjectMapping: 0.102800 ms MarkObjects: 1.806600 ms  DeleteObjects: 0.230800 ms)

========================================================================
Received Import Request.
  Time since last request: 186.564915 seconds.
  path: Assets/Scripts/Trade/SellResources.cs
  artifactKey: Guid(f3d4517b2f1bf444eb434ea56e484336) Importer(815301076,1909f56bfc062723c751e8b465ee728b)
Start importing Assets/Scripts/Trade/SellResources.cs using Guid(f3d4517b2f1bf444eb434ea56e484336) Importer(815301076,1909f56bfc062723c751e8b465ee728b)  -> (artifact id: 'f73b298d316b03ecd6af60d5980ffd65') in 0.011805 seconds
  Import took 0.020479 seconds .

========================================================================
Received Import Request.
  Time since last request: 0.083843 seconds.
  path: Assets/Scripts/Trade/SellResources.cs
  artifactKey: Guid(f3d4517b2f1bf444eb434ea56e484336) Importer(815301076,1909f56bfc062723c751e8b465ee728b)
Start importing Assets/Scripts/Trade/SellResources.cs using Guid(f3d4517b2f1bf444eb434ea56e484336) Importer(815301076,1909f56bfc062723c751e8b465ee728b)  -> (artifact id: 'f73b298d316b03ecd6af60d5980ffd65') in 0.036866 seconds
  Import took 0.050147 seconds .

========================================================================
Received Prepare
Registering precompiled user dll's ...
Registered in 0.001175 seconds.
Begin MonoManager ReloadAssembly
Native extension for WindowsStandalone target not found
Native extension for WebGL target not found
Refreshing native plugins compatible for Editor in 0.35 ms, found 1 plugins.
Preloading 0 native plugins for Editor in 0.00 ms.
Invoked RoslynAnalysisRunner static constructor.
RoslynAnalysisRunner will not be running.
RoslynAnalysisRunner has terminated.
Mono: successfully reloaded assembly
- Completed reload, in  1.040 seconds
Platform modules already initialized, skipping
Refreshing native plugins compatible for Editor in 0.38 ms, found 1 plugins.
Preloading 0 native plugins for Editor in 0.00 ms.
Unloading 1850 Unused Serialized files (Serialized files now loaded: 0)
System memory in use before: 100.7 MB.
System memory in use after: 100.7 MB.

Unloading 12 unused Assets to reduce memory usage. Loaded Objects now: 2394.
Total: 2.437500 ms (FindLiveObjects: 0.296300 ms CreateObjectMapping: 0.107700 ms MarkObjects: 1.838400 ms  DeleteObjects: 0.193400 ms)

========================================================================
Received Prepare
Registering precompiled user dll's ...
Registered in 0.001217 seconds.
Begin MonoManager ReloadAssembly
Native extension for WindowsStandalone target not found
Native extension for WebGL target not found
Refreshing native plugins compatible for Editor in 0.39 ms, found 1 plugins.
Preloading 0 native plugins for Editor in 0.00 ms.
Invoked RoslynAnalysisRunner static constructor.
RoslynAnalysisRunner will not be running.
RoslynAnalysisRunner has terminated.
Mono: successfully reloaded assembly
- Completed reload, in  1.258 seconds
Platform modules already initialized, skipping
Refreshing native plugins compatible for Editor in 0.39 ms, found 1 plugins.
Preloading 0 native plugins for Editor in 0.00 ms.
Unloading 1850 Unused Serialized files (Serialized files now loaded: 0)
System memory in use before: 100.7 MB.
System memory in use after: 100.7 MB.

Unloading 12 unused Assets to reduce memory usage. Loaded Objects now: 2398.
Total: 2.629500 ms (FindLiveObjects: 0.252100 ms CreateObjectMapping: 0.094300 ms MarkObjects: 2.117800 ms  DeleteObjects: 0.163900 ms)

========================================================================
Received Import Request.
  Time since last request: 578.336862 seconds.
  path: Assets/Scripts/Events/BuyEnergyEvent.cs
  artifactKey: Guid(e4e731b67dd72f94b8d7351b2205734e) Importer(815301076,1909f56bfc062723c751e8b465ee728b)
Start importing Assets/Scripts/Events/BuyEnergyEvent.cs using Guid(e4e731b67dd72f94b8d7351b2205734e) Importer(815301076,1909f56bfc062723c751e8b465ee728b)  -> (artifact id: 'a80f0ee53a0f02cd6f36ea61addb5659') in 0.032435 seconds
  Import took 0.039027 seconds .

========================================================================
Received Import Request.
  Time since last request: 23.502782 seconds.
  path: Assets/Scripts/Events/BuyEnergyEvent.cs
  artifactKey: Guid(e4e731b67dd72f94b8d7351b2205734e) Importer(815301076,1909f56bfc062723c751e8b465ee728b)
Start importing Assets/Scripts/Events/BuyEnergyEvent.cs using Guid(e4e731b67dd72f94b8d7351b2205734e) Importer(815301076,1909f56bfc062723c751e8b465ee728b)  -> (artifact id: 'f6a03c507f30788d1a2ca10129191387') in 0.007517 seconds
  Import took 0.013522 seconds .

========================================================================
Received Import Request.
  Time since last request: 0.042003 seconds.
  path: Assets/Scripts/Events/BuyEnergyEvent.cs
  artifactKey: Guid(e4e731b67dd72f94b8d7351b2205734e) Importer(815301076,1909f56bfc062723c751e8b465ee728b)
Start importing Assets/Scripts/Events/BuyEnergyEvent.cs using Guid(e4e731b67dd72f94b8d7351b2205734e) Importer(815301076,1909f56bfc062723c751e8b465ee728b)  -> (artifact id: 'f6a03c507f30788d1a2ca10129191387') in 0.008154 seconds
  Import took 0.015603 seconds .

========================================================================
Received Prepare
Registering precompiled user dll's ...
Registered in 0.001694 seconds.
Begin MonoManager ReloadAssembly
Native extension for WindowsStandalone target not found
Native extension for WebGL target not found
Refreshing native plugins compatible for Editor in 0.37 ms, found 1 plugins.
Preloading 0 native plugins for Editor in 0.00 ms.
Invoked RoslynAnalysisRunner static constructor.
RoslynAnalysisRunner will not be running.
RoslynAnalysisRunner has terminated.
Mono: successfully reloaded assembly
- Completed reload, in  1.005 seconds
Platform modules already initialized, skipping
Refreshing native plugins compatible for Editor in 0.41 ms, found 1 plugins.
Preloading 0 native plugins for Editor in 0.00 ms.
Unloading 1851 Unused Serialized files (Serialized files now loaded: 0)
System memory in use before: 100.8 MB.
System memory in use after: 100.8 MB.

Unloading 12 unused Assets to reduce memory usage. Loaded Objects now: 2403.
Total: 2.366800 ms (FindLiveObjects: 0.259100 ms CreateObjectMapping: 0.093100 ms MarkObjects: 1.815900 ms  DeleteObjects: 0.197200 ms)

========================================================================
Received Prepare
Registering precompiled user dll's ...
Registered in 0.002017 seconds.
Begin MonoManager ReloadAssembly
Native extension for WindowsStandalone target not found
Native extension for WebGL target not found
Refreshing native plugins compatible for Editor in 0.38 ms, found 1 plugins.
Preloading 0 native plugins for Editor in 0.00 ms.
Invoked RoslynAnalysisRunner static constructor.
RoslynAnalysisRunner will not be running.
RoslynAnalysisRunner has terminated.
Mono: successfully reloaded assembly
- Completed reload, in  1.170 seconds
Platform modules already initialized, skipping
Refreshing native plugins compatible for Editor in 0.41 ms, found 1 plugins.
Preloading 0 native plugins for Editor in 0.00 ms.
Unloading 1851 Unused Serialized files (Serialized files now loaded: 0)
System memory in use before: 100.8 MB.
System memory in use after: 100.8 MB.

Unloading 12 unused Assets to reduce memory usage. Loaded Objects now: 2407.
Total: 3.111600 ms (FindLiveObjects: 0.248200 ms CreateObjectMapping: 0.206500 ms MarkObjects: 2.270400 ms  DeleteObjects: 0.384700 ms)

========================================================================
Received Prepare
Registering precompiled user dll's ...
Registered in 0.001276 seconds.
Begin MonoManager ReloadAssembly
Native extension for WindowsStandalone target not found
Native extension for WebGL target not found
Refreshing native plugins compatible for Editor in 0.41 ms, found 1 plugins.
Preloading 0 native plugins for Editor in 0.00 ms.
Invoked RoslynAnalysisRunner static constructor.
RoslynAnalysisRunner will not be running.
RoslynAnalysisRunner has terminated.
Mono: successfully reloaded assembly
- Completed reload, in  1.161 seconds
Platform modules already initialized, skipping
Refreshing native plugins compatible for Editor in 0.40 ms, found 1 plugins.
Preloading 0 native plugins for Editor in 0.00 ms.
Unloading 1851 Unused Serialized files (Serialized files now loaded: 0)
System memory in use before: 100.8 MB.
System memory in use after: 100.8 MB.

Unloading 12 unused Assets to reduce memory usage. Loaded Objects now: 2411.
Total: 2.574700 ms (FindLiveObjects: 0.219900 ms CreateObjectMapping: 0.090800 ms MarkObjects: 2.110300 ms  DeleteObjects: 0.152800 ms)

========================================================================
Received Prepare
Registering precompiled user dll's ...
Registered in 0.001434 seconds.
Begin MonoManager ReloadAssembly
Native extension for WindowsStandalone target not found
Native extension for WebGL target not found
Refreshing native plugins compatible for Editor in 0.37 ms, found 1 plugins.
Preloading 0 native plugins for Editor in 0.00 ms.
Invoked RoslynAnalysisRunner static constructor.
RoslynAnalysisRunner will not be running.
RoslynAnalysisRunner has terminated.
Mono: successfully reloaded assembly
- Completed reload, in  1.208 seconds
Platform modules already initialized, skipping
Refreshing native plugins compatible for Editor in 0.38 ms, found 1 plugins.
Preloading 0 native plugins for Editor in 0.00 ms.
Unloading 1851 Unused Serialized files (Serialized files now loaded: 0)
System memory in use before: 100.8 MB.
System memory in use after: 100.8 MB.

Unloading 12 unused Assets to reduce memory usage. Loaded Objects now: 2415.
Total: 2.792100 ms (FindLiveObjects: 0.415700 ms CreateObjectMapping: 0.124300 ms MarkObjects: 2.093600 ms  DeleteObjects: 0.157000 ms)

========================================================================
Received Prepare
Registering precompiled user dll's ...
Registered in 0.001167 seconds.
Begin MonoManager ReloadAssembly
Native extension for WindowsStandalone target not found
Native extension for WebGL target not found
Refreshing native plugins compatible for Editor in 0.38 ms, found 1 plugins.
Preloading 0 native plugins for Editor in 0.00 ms.
Invoked RoslynAnalysisRunner static constructor.
RoslynAnalysisRunner will not be running.
RoslynAnalysisRunner has terminated.
Mono: successfully reloaded assembly
- Completed reload, in  1.034 seconds
Platform modules already initialized, skipping
Refreshing native plugins compatible for Editor in 0.52 ms, found 1 plugins.
Preloading 0 native plugins for Editor in 0.00 ms.
Unloading 1851 Unused Serialized files (Serialized files now loaded: 0)
System memory in use before: 100.8 MB.
System memory in use after: 100.8 MB.

Unloading 12 unused Assets to reduce memory usage. Loaded Objects now: 2419.
Total: 3.358700 ms (FindLiveObjects: 0.571200 ms CreateObjectMapping: 0.353300 ms MarkObjects: 2.239000 ms  DeleteObjects: 0.193800 ms)

========================================================================
Received Prepare
Registering precompiled user dll's ...
Registered in 0.001632 seconds.
Begin MonoManager ReloadAssembly
Native extension for WindowsStandalone target not found
Native extension for WebGL target not found
Refreshing native plugins compatible for Editor in 0.38 ms, found 1 plugins.
Preloading 0 native plugins for Editor in 0.00 ms.
Invoked RoslynAnalysisRunner static constructor.
RoslynAnalysisRunner will not be running.
RoslynAnalysisRunner has terminated.
Mono: successfully reloaded assembly
- Completed reload, in  1.060 seconds
Platform modules already initialized, skipping
Refreshing native plugins compatible for Editor in 0.40 ms, found 1 plugins.
Preloading 0 native plugins for Editor in 0.00 ms.
Unloading 1851 Unused Serialized files (Serialized files now loaded: 0)
System memory in use before: 100.9 MB.
System memory in use after: 100.9 MB.

Unloading 12 unused Assets to reduce memory usage. Loaded Objects now: 2423.
Total: 2.465200 ms (FindLiveObjects: 0.229500 ms CreateObjectMapping: 0.117500 ms MarkObjects: 1.962700 ms  DeleteObjects: 0.154200 ms)

========================================================================
Received Prepare
Registering precompiled user dll's ...
Registered in 0.002341 seconds.
Begin MonoManager ReloadAssembly
Native extension for WindowsStandalone target not found
Native extension for WebGL target not found
Refreshing native plugins compatible for Editor in 0.51 ms, found 1 plugins.
Preloading 0 native plugins for Editor in 0.00 ms.
Invoked RoslynAnalysisRunner static constructor.
RoslynAnalysisRunner will not be running.
RoslynAnalysisRunner has terminated.
Mono: successfully reloaded assembly
- Completed reload, in  1.521 seconds
Platform modules already initialized, skipping
Refreshing native plugins compatible for Editor in 0.44 ms, found 1 plugins.
Preloading 0 native plugins for Editor in 0.00 ms.
Unloading 1851 Unused Serialized files (Serialized files now loaded: 0)
System memory in use before: 100.8 MB.
System memory in use after: 100.8 MB.

Unloading 12 unused Assets to reduce memory usage. Loaded Objects now: 2427.
Total: 2.740000 ms (FindLiveObjects: 0.300800 ms CreateObjectMapping: 0.095400 ms MarkObjects: 2.143700 ms  DeleteObjects: 0.198200 ms)

========================================================================
Received Prepare
Registering precompiled user dll's ...
Registered in 0.001134 seconds.
Begin MonoManager ReloadAssembly
Native extension for WindowsStandalone target not found
Native extension for WebGL target not found
Refreshing native plugins compatible for Editor in 0.38 ms, found 1 plugins.
Preloading 0 native plugins for Editor in 0.00 ms.
Invoked RoslynAnalysisRunner static constructor.
RoslynAnalysisRunner will not be running.
RoslynAnalysisRunner has terminated.
Mono: successfully reloaded assembly
- Completed reload, in  0.998 seconds
Platform modules already initialized, skipping
Refreshing native plugins compatible for Editor in 0.50 ms, found 1 plugins.
Preloading 0 native plugins for Editor in 0.00 ms.
Unloading 1851 Unused Serialized files (Serialized files now loaded: 0)
System memory in use before: 100.8 MB.
System memory in use after: 100.8 MB.

Unloading 12 unused Assets to reduce memory usage. Loaded Objects now: 2431.
Total: 2.443800 ms (FindLiveObjects: 0.317600 ms CreateObjectMapping: 0.111600 ms MarkObjects: 1.818400 ms  DeleteObjects: 0.194500 ms)

========================================================================
Received Prepare
Registering precompiled user dll's ...
Registered in 0.001786 seconds.
Begin MonoManager ReloadAssembly
Native extension for WindowsStandalone target not found
Native extension for WebGL target not found
Refreshing native plugins compatible for Editor in 0.78 ms, found 1 plugins.
Preloading 0 native plugins for Editor in 0.00 ms.
Invoked RoslynAnalysisRunner static constructor.
RoslynAnalysisRunner will not be running.
RoslynAnalysisRunner has terminated.
Mono: successfully reloaded assembly
- Completed reload, in  1.398 seconds
Platform modules already initialized, skipping
Refreshing native plugins compatible for Editor in 0.43 ms, found 1 plugins.
Preloading 0 native plugins for Editor in 0.00 ms.
Unloading 1851 Unused Serialized files (Serialized files now loaded: 0)
System memory in use before: 100.8 MB.
System memory in use after: 100.8 MB.

Unloading 12 unused Assets to reduce memory usage. Loaded Objects now: 2435.
Total: 2.491000 ms (FindLiveObjects: 0.264400 ms CreateObjectMapping: 0.102500 ms MarkObjects: 1.939500 ms  DeleteObjects: 0.183700 ms)

========================================================================
Received Prepare
Registering precompiled user dll's ...
Registered in 0.001378 seconds.
Begin MonoManager ReloadAssembly
Native extension for WindowsStandalone target not found
Native extension for WebGL target not found
Refreshing native plugins compatible for Editor in 0.38 ms, found 1 plugins.
Preloading 0 native plugins for Editor in 0.00 ms.
Invoked RoslynAnalysisRunner static constructor.
RoslynAnalysisRunner will not be running.
RoslynAnalysisRunner has terminated.
Mono: successfully reloaded assembly
- Completed reload, in  1.062 seconds
Platform modules already initialized, skipping
Refreshing native plugins compatible for Editor in 0.39 ms, found 1 plugins.
Preloading 0 native plugins for Editor in 0.00 ms.
Unloading 1851 Unused Serialized files (Serialized files now loaded: 0)
System memory in use before: 100.9 MB.
System memory in use after: 100.9 MB.

Unloading 12 unused Assets to reduce memory usage. Loaded Objects now: 2439.
Total: 2.500200 ms (FindLiveObjects: 0.226700 ms CreateObjectMapping: 0.062400 ms MarkObjects: 2.019200 ms  DeleteObjects: 0.190300 ms)

========================================================================
Received Prepare
Registering precompiled user dll's ...
Registered in 0.001121 seconds.
Begin MonoManager ReloadAssembly
Native extension for WindowsStandalone target not found
Native extension for WebGL target not found
Refreshing native plugins compatible for Editor in 0.57 ms, found 1 plugins.
Preloading 0 native plugins for Editor in 0.00 ms.
Invoked RoslynAnalysisRunner static constructor.
RoslynAnalysisRunner will not be running.
RoslynAnalysisRunner has terminated.
Mono: successfully reloaded assembly
- Completed reload, in  1.095 seconds
Platform modules already initialized, skipping
Refreshing native plugins compatible for Editor in 2.15 ms, found 1 plugins.
Preloading 0 native plugins for Editor in 0.00 ms.
Unloading 1851 Unused Serialized files (Serialized files now loaded: 0)
System memory in use before: 100.9 MB.
System memory in use after: 100.9 MB.

Unloading 12 unused Assets to reduce memory usage. Loaded Objects now: 2443.
Total: 2.770200 ms (FindLiveObjects: 0.244500 ms CreateObjectMapping: 0.082700 ms MarkObjects: 2.249300 ms  DeleteObjects: 0.192200 ms)

========================================================================
Received Prepare
Registering precompiled user dll's ...
Registered in 0.004741 seconds.
Begin MonoManager ReloadAssembly
Native extension for WindowsStandalone target not found
Native extension for WebGL target not found
Refreshing native plugins compatible for Editor in 0.46 ms, found 1 plugins.
Preloading 0 native plugins for Editor in 0.00 ms.
Invoked RoslynAnalysisRunner static constructor.
RoslynAnalysisRunner will not be running.
RoslynAnalysisRunner has terminated.
Mono: successfully reloaded assembly
- Completed reload, in  1.186 seconds
Platform modules already initialized, skipping
Refreshing native plugins compatible for Editor in 0.39 ms, found 1 plugins.
Preloading 0 native plugins for Editor in 0.00 ms.
Unloading 1851 Unused Serialized files (Serialized files now loaded: 0)
System memory in use before: 100.9 MB.
System memory in use after: 100.9 MB.

Unloading 12 unused Assets to reduce memory usage. Loaded Objects now: 2447.
Total: 5.624100 ms (FindLiveObjects: 0.327200 ms CreateObjectMapping: 0.198200 ms MarkObjects: 4.877800 ms  DeleteObjects: 0.219000 ms)

========================================================================
Received Prepare
Registering precompiled user dll's ...
Registered in 0.001590 seconds.
Begin MonoManager ReloadAssembly
Native extension for WindowsStandalone target not found
Native extension for WebGL target not found
Refreshing native plugins compatible for Editor in 0.37 ms, found 1 plugins.
Preloading 0 native plugins for Editor in 0.00 ms.
Invoked RoslynAnalysisRunner static constructor.
RoslynAnalysisRunner will not be running.
RoslynAnalysisRunner has terminated.
Mono: successfully reloaded assembly
- Completed reload, in  1.211 seconds
Platform modules already initialized, skipping
Refreshing native plugins compatible for Editor in 0.39 ms, found 1 plugins.
Preloading 0 native plugins for Editor in 0.00 ms.
Unloading 1851 Unused Serialized files (Serialized files now loaded: 0)
System memory in use before: 100.9 MB.
System memory in use after: 100.9 MB.

Unloading 12 unused Assets to reduce memory usage. Loaded Objects now: 2451.
Total: 2.757000 ms (FindLiveObjects: 0.333300 ms CreateObjectMapping: 0.124900 ms MarkObjects: 2.100500 ms  DeleteObjects: 0.196600 ms)

========================================================================
Received Prepare
Registering precompiled user dll's ...
Registered in 0.001351 seconds.
Begin MonoManager ReloadAssembly
Native extension for WindowsStandalone target not found
Native extension for WebGL target not found
Refreshing native plugins compatible for Editor in 0.45 ms, found 1 plugins.
Preloading 0 native plugins for Editor in 0.00 ms.
Invoked RoslynAnalysisRunner static constructor.
RoslynAnalysisRunner will not be running.
RoslynAnalysisRunner has terminated.
Mono: successfully reloaded assembly
- Completed reload, in  1.057 seconds
Platform modules already initialized, skipping
Refreshing native plugins compatible for Editor in 0.40 ms, found 1 plugins.
Preloading 0 native plugins for Editor in 0.00 ms.
Unloading 1851 Unused Serialized files (Serialized files now loaded: 0)
System memory in use before: 100.9 MB.
System memory in use after: 100.9 MB.

Unloading 12 unused Assets to reduce memory usage. Loaded Objects now: 2455.
Total: 2.645900 ms (FindLiveObjects: 0.244200 ms CreateObjectMapping: 0.084300 ms MarkObjects: 2.152500 ms  DeleteObjects: 0.163500 ms)

========================================================================
Received Prepare
Registering precompiled user dll's ...
Registered in 0.002079 seconds.
Begin MonoManager ReloadAssembly
Native extension for WindowsStandalone target not found
Native extension for WebGL target not found
Refreshing native plugins compatible for Editor in 0.39 ms, found 1 plugins.
Preloading 0 native plugins for Editor in 0.00 ms.
Invoked RoslynAnalysisRunner static constructor.
RoslynAnalysisRunner will not be running.
RoslynAnalysisRunner has terminated.
Mono: successfully reloaded assembly
- Completed reload, in  1.010 seconds
Platform modules already initialized, skipping
Refreshing native plugins compatible for Editor in 0.50 ms, found 1 plugins.
Preloading 0 native plugins for Editor in 0.00 ms.
Unloading 1851 Unused Serialized files (Serialized files now loaded: 0)
System memory in use before: 100.9 MB.
System memory in use after: 100.9 MB.

Unloading 12 unused Assets to reduce memory usage. Loaded Objects now: 2459.
Total: 2.366000 ms (FindLiveObjects: 0.218500 ms CreateObjectMapping: 0.078000 ms MarkObjects: 1.877500 ms  DeleteObjects: 0.190600 ms)

========================================================================
Received Prepare
Registering precompiled user dll's ...
Registered in 0.001180 seconds.
Begin MonoManager ReloadAssembly
Native extension for WindowsStandalone target not found
Native extension for WebGL target not found
Refreshing native plugins compatible for Editor in 0.38 ms, found 1 plugins.
Preloading 0 native plugins for Editor in 0.00 ms.
Invoked RoslynAnalysisRunner static constructor.
RoslynAnalysisRunner will not be running.
RoslynAnalysisRunner has terminated.
Mono: successfully reloaded assembly
- Completed reload, in  1.083 seconds
Platform modules already initialized, skipping
Refreshing native plugins compatible for Editor in 0.43 ms, found 1 plugins.
Preloading 0 native plugins for Editor in 0.00 ms.
Unloading 1851 Unused Serialized files (Serialized files now loaded: 0)
System memory in use before: 100.9 MB.
System memory in use after: 100.9 MB.

Unloading 12 unused Assets to reduce memory usage. Loaded Objects now: 2463.
Total: 2.836200 ms (FindLiveObjects: 0.400400 ms CreateObjectMapping: 0.108400 ms MarkObjects: 2.119500 ms  DeleteObjects: 0.206400 ms)

========================================================================
Received Prepare
Registering precompiled user dll's ...
Registered in 0.001463 seconds.
Begin MonoManager ReloadAssembly
Native extension for WindowsStandalone target not found
Native extension for WebGL target not found
Refreshing native plugins compatible for Editor in 0.37 ms, found 1 plugins.
Preloading 0 native plugins for Editor in 0.00 ms.
Invoked RoslynAnalysisRunner static constructor.
RoslynAnalysisRunner will not be running.
RoslynAnalysisRunner has terminated.
Mono: successfully reloaded assembly
- Completed reload, in  1.211 seconds
Platform modules already initialized, skipping
Refreshing native plugins compatible for Editor in 0.38 ms, found 1 plugins.
Preloading 0 native plugins for Editor in 0.00 ms.
Unloading 1851 Unused Serialized files (Serialized files now loaded: 0)
System memory in use before: 101.0 MB.
System memory in use after: 101.0 MB.

Unloading 12 unused Assets to reduce memory usage. Loaded Objects now: 2467.
Total: 2.546500 ms (FindLiveObjects: 0.241200 ms CreateObjectMapping: 0.108500 ms MarkObjects: 2.002000 ms  DeleteObjects: 0.193200 ms)

========================================================================
Received Prepare
Registering precompiled user dll's ...
Registered in 0.001134 seconds.
Begin MonoManager ReloadAssembly
Native extension for WindowsStandalone target not found
Native extension for WebGL target not found
Refreshing native plugins compatible for Editor in 0.36 ms, found 1 plugins.
Preloading 0 native plugins for Editor in 0.00 ms.
Invoked RoslynAnalysisRunner static constructor.
RoslynAnalysisRunner will not be running.
RoslynAnalysisRunner has terminated.
Mono: successfully reloaded assembly
- Completed reload, in  1.089 seconds
Platform modules already initialized, skipping
Refreshing native plugins compatible for Editor in 0.39 ms, found 1 plugins.
Preloading 0 native plugins for Editor in 0.00 ms.
Unloading 1851 Unused Serialized files (Serialized files now loaded: 0)
System memory in use before: 100.9 MB.
System memory in use after: 100.9 MB.

Unloading 12 unused Assets to reduce memory usage. Loaded Objects now: 2471.
Total: 2.255400 ms (FindLiveObjects: 0.239100 ms CreateObjectMapping: 0.073200 ms MarkObjects: 1.750300 ms  DeleteObjects: 0.191800 ms)

========================================================================
Received Prepare
Registering precompiled user dll's ...
Registered in 0.002074 seconds.
Begin MonoManager ReloadAssembly
Native extension for WindowsStandalone target not found
Native extension for WebGL target not found
Refreshing native plugins compatible for Editor in 0.41 ms, found 1 plugins.
Preloading 0 native plugins for Editor in 0.00 ms.
Invoked RoslynAnalysisRunner static constructor.
RoslynAnalysisRunner will not be running.
RoslynAnalysisRunner has terminated.
Mono: successfully reloaded assembly
- Completed reload, in  1.064 seconds
Platform modules already initialized, skipping
Refreshing native plugins compatible for Editor in 0.38 ms, found 1 plugins.
Preloading 0 native plugins for Editor in 0.00 ms.
Unloading 1851 Unused Serialized files (Serialized files now loaded: 0)
System memory in use before: 100.9 MB.
System memory in use after: 100.9 MB.

Unloading 12 unused Assets to reduce memory usage. Loaded Objects now: 2475.
Total: 2.395600 ms (FindLiveObjects: 0.274600 ms CreateObjectMapping: 0.110000 ms MarkObjects: 1.828700 ms  DeleteObjects: 0.180700 ms)

========================================================================
Received Prepare
Registering precompiled user dll's ...
Registered in 0.001587 seconds.
Begin MonoManager ReloadAssembly
Native extension for WindowsStandalone target not found
Native extension for WebGL target not found
Refreshing native plugins compatible for Editor in 0.41 ms, found 1 plugins.
Preloading 0 native plugins for Editor in 0.00 ms.
Invoked RoslynAnalysisRunner static constructor.
RoslynAnalysisRunner will not be running.
RoslynAnalysisRunner has terminated.
Mono: successfully reloaded assembly
- Completed reload, in  1.044 seconds
Platform modules already initialized, skipping
Refreshing native plugins compatible for Editor in 0.41 ms, found 1 plugins.
Preloading 0 native plugins for Editor in 0.00 ms.
Unloading 1851 Unused Serialized files (Serialized files now loaded: 0)
System memory in use before: 100.9 MB.
System memory in use after: 100.9 MB.

Unloading 12 unused Assets to reduce memory usage. Loaded Objects now: 2479.
Total: 2.577600 ms (FindLiveObjects: 0.258800 ms CreateObjectMapping: 0.080800 ms MarkObjects: 2.073400 ms  DeleteObjects: 0.163000 ms)

========================================================================
Received Prepare
Registering precompiled user dll's ...
Registered in 0.001132 seconds.
Begin MonoManager ReloadAssembly
Native extension for WindowsStandalone target not found
Native extension for WebGL target not found
Refreshing native plugins compatible for Editor in 0.39 ms, found 1 plugins.
Preloading 0 native plugins for Editor in 0.00 ms.
Invoked RoslynAnalysisRunner static constructor.
RoslynAnalysisRunner will not be running.
RoslynAnalysisRunner has terminated.
Mono: successfully reloaded assembly
- Completed reload, in  1.116 seconds
Platform modules already initialized, skipping
Refreshing native plugins compatible for Editor in 0.43 ms, found 1 plugins.
Preloading 0 native plugins for Editor in 0.00 ms.
Unloading 1851 Unused Serialized files (Serialized files now loaded: 0)
System memory in use before: 100.9 MB.
System memory in use after: 100.9 MB.

Unloading 12 unused Assets to reduce memory usage. Loaded Objects now: 2483.
Total: 4.472400 ms (FindLiveObjects: 0.741900 ms CreateObjectMapping: 0.283400 ms MarkObjects: 3.248500 ms  DeleteObjects: 0.197100 ms)

========================================================================
Received Import Request.
  Time since last request: 1734.006929 seconds.
  path: Assets/Prefab/Player.prefab
  artifactKey: Guid(ab7efd7de39e1524f860726ff553c5f5) Importer(815301076,1909f56bfc062723c751e8b465ee728b)
Start importing Assets/Prefab/Player.prefab using Guid(ab7efd7de39e1524f860726ff553c5f5) Importer(815301076,1909f56bfc062723c751e8b465ee728b)  -> (artifact id: '82b2ba96634a1b5133b167bd049e7a8f') in 0.112348 seconds
  Import took 0.118689 seconds .

========================================================================
Received Prepare
Registering precompiled user dll's ...
Registered in 0.001137 seconds.
Begin MonoManager ReloadAssembly
Native extension for WindowsStandalone target not found
Native extension for WebGL target not found
Refreshing native plugins compatible for Editor in 0.66 ms, found 1 plugins.
Preloading 0 native plugins for Editor in 0.00 ms.
Invoked RoslynAnalysisRunner static constructor.
RoslynAnalysisRunner will not be running.
RoslynAnalysisRunner has terminated.
Mono: successfully reloaded assembly
- Completed reload, in  1.258 seconds
Platform modules already initialized, skipping
Refreshing native plugins compatible for Editor in 0.43 ms, found 1 plugins.
Preloading 0 native plugins for Editor in 0.00 ms.
Unloading 1851 Unused Serialized files (Serialized files now loaded: 0)
System memory in use before: 101.0 MB.
System memory in use after: 101.0 MB.

Unloading 12 unused Assets to reduce memory usage. Loaded Objects now: 2488.
Total: 2.803600 ms (FindLiveObjects: 0.233400 ms CreateObjectMapping: 0.072300 ms MarkObjects: 2.346500 ms  DeleteObjects: 0.149900 ms)

========================================================================
Received Prepare
Registering precompiled user dll's ...
Registered in 0.001210 seconds.
Begin MonoManager ReloadAssembly
Native extension for WindowsStandalone target not found
Native extension for WebGL target not found
Refreshing native plugins compatible for Editor in 0.39 ms, found 1 plugins.
Preloading 0 native plugins for Editor in 0.00 ms.
Invoked RoslynAnalysisRunner static constructor.
RoslynAnalysisRunner will not be running.
RoslynAnalysisRunner has terminated.
Mono: successfully reloaded assembly
- Completed reload, in  1.204 seconds
Platform modules already initialized, skipping
Refreshing native plugins compatible for Editor in 0.46 ms, found 1 plugins.
Preloading 0 native plugins for Editor in 0.00 ms.
Unloading 1851 Unused Serialized files (Serialized files now loaded: 0)
System memory in use before: 101.0 MB.
System memory in use after: 101.0 MB.

Unloading 12 unused Assets to reduce memory usage. Loaded Objects now: 2492.
Total: 4.616200 ms (FindLiveObjects: 0.412600 ms CreateObjectMapping: 0.386200 ms MarkObjects: 3.651400 ms  DeleteObjects: 0.163600 ms)

AssetImportWorkerClient::OnTransportError - code=2 error=End of file
